============================================================
RECOMMENDATION RL SYSTEM
Twin Delayed Deep Deterministic Policy Gradient (TD3)
for Recommendation System Filter Bubble Reduction
============================================================
Start Time: 2026-05-25 18:39:36
Configuration loaded from: _configs_tmp/config_movies_ENMF.yaml

============================================================
EXPERIMENT CONFIGURATION
============================================================
  Dataset: news
  TopK: 5
  RS Model: LightGCN
============================================================

============================================================
CONFIGURATION SUMMARY
============================================================
Training Episodes: 50
Rounds per Episode: 50
Users per Round: 50000
Batch Size: 1000
Total Rounds: 2500

TD3 Parameters:
  Discount (γ): 0.95
  Batch Size: 128
  Learning Rate: 3e-4

Environment:
  State Dimension: 69
  Action Dimension: 64
  User Acceptance Rate: 0.25

Recommendation:
  RL List Size: 60
  Total Recommendations: 100

Reward (Step-based):
  Termination Threshold: 0.15
  Termination Reward: 5.0
  Max Cluster Distance: 1.0
  Use GPU Rewards: True
============================================================

Estimated training time: 0.1 hours
This will train a TD3 agent to reduce filter bubbles in recommendations.

Proceed with training? (y/N): /Users/lindsay/Desktop/Git/TD3-Based-Responsible-Recommendation/TD3-master-entropy /recommendation_environment.py:282: UserWarning: Creating a tensor from a list of numpy.ndarrays is extremely slow. Please consider converting the list to a single numpy.ndarray with numpy.array() before converting to a tensor. (Triggered internally at /Users/runner/work/pytorch/pytorch/pytorch/torch/csrc/utils/tensor_new.cpp:256.)
  self.enhanced_embeddings_tensor_normalized = torch.FloatTensor(item_embeddings_list).to(self.device)
